<?xml version="1.0" encoding="UTF-8"?>
<!-- Generated by org.testng.reporters.JUnitReportReporter -->
<testsuite hostname="Rupeshkumard" name="demo1.Prg1" tests="1" failures="0" timestamp="26 Apr 2019 06:42:24 GMT" time="43.849" errors="0">
  <testcase name="m1" time="43.849" classname="demo1.Prg1"/>
</testsuite> <!-- demo1.Prg1 -->
